  project03.cpp
C:\cours 10\project03\project03\clsString.h(44,1): warning C4267: 'return': conversion from 'size_t' to 'short', possible loss of data
C:\cours 10\project03\project03\clsString.h(49,1): warning C4267: 'return': conversion from 'size_t' to 'short', possible loss of data
C:\cours 10\project03\project03\clsString.h(58,1): warning C4267: '=': conversion from 'size_t' to 'short', possible loss of data
C:\cours 10\project03\project03\clsString.h(86,23): warning C4018: '<': signed/unsigned mismatch
C:\cours 10\project03\project03\clsString.h(107,23): warning C4018: '<': signed/unsigned mismatch
C:\cours 10\project03\project03\clsString.h(126,23): warning C4018: '<': signed/unsigned mismatch
C:\cours 10\project03\project03\clsString.h(145,23): warning C4018: '<': signed/unsigned mismatch
C:\cours 10\project03\project03\clsString.h(164,23): warning C4018: '<': signed/unsigned mismatch
C:\cours 10\project03\project03\clsString.h(183,23): warning C4018: '<': signed/unsigned mismatch
C:\cours 10\project03\project03\clsString.h(199,23): warning C4018: '<': signed/unsigned mismatch
C:\cours 10\project03\project03\clsString.h(217,23): warning C4018: '<': signed/unsigned mismatch
C:\cours 10\project03\project03\clsString.h(235,23): warning C4018: '<': signed/unsigned mismatch
C:\cours 10\project03\project03\clsString.h(267,23): warning C4018: '<': signed/unsigned mismatch
C:\cours 10\project03\project03\clsString.h(287,1): warning C4267: '=': conversion from 'size_t' to 'short', possible loss of data
C:\cours 10\project03\project03\clsString.h(314,23): warning C4018: '<': signed/unsigned mismatch
C:\cours 10\project03\project03\clsString.h(333,1): warning C4267: 'initializing': conversion from 'size_t' to 'short', possible loss of data
C:\cours 10\project03\project03\clsString.h(430,23): warning C4018: '<': signed/unsigned mismatch
C:\cours 10\project03\project03\clsDate.h(5,10): warning C4067: unexpected tokens following preprocessor directive - expected a newline
C:\cours 10\project03\project03\clsUtil.h(5,10): warning C4067: unexpected tokens following preprocessor directive - expected a newline
C:\cours 10\project03\project03\clsUtil.h(188,27): warning C4018: '<': signed/unsigned mismatch
C:\cours 10\project03\project03\clsUtil.h(198,27): warning C4018: '<': signed/unsigned mismatch
C:\cours 10\project03\project03\clsUser.h(176,2): warning C4240: nonstandard extension used: access to 'clsUser::stUser' now defined to be 'public', previously it was defined to be 'private'
C:\cours 10\project03\project03\clsUser.h(144): message : see declaration of 'clsUser::stUser'
C:\cours 10\project03\project03\clsUser.h(153,17): warning C4244: '=': conversion from 'double' to 'short', possible loss of data
C:\cours 10\project03\project03\clsInputValidate.h(4,10): warning C4067: unexpected tokens following preprocessor directive - expected a newline
C:\cours 10\project03\project03\clsInputValidate.h(5,10): warning C4067: unexpected tokens following preprocessor directive - expected a newline
C:\cours 10\project03\project03\clsBankClient.h(4,10): warning C4067: unexpected tokens following preprocessor directive - expected a newline
C:\cours 10\project03\project03\clsBankClient.h(8,10): warning C4067: unexpected tokens following preprocessor directive - expected a newline
C:\cours 10\project03\project03\clsBankClient.h(192,2): warning C4240: nonstandard extension used: access to 'clsBankClient::stTransfer' now defined to be 'public', previously it was defined to be 'private'
C:\cours 10\project03\project03\clsBankClient.h(162): message : see declaration of 'clsBankClient::stTransfer'
C:\cours 10\project03\project03\clsTotalBalencesScreen.h(64,55): warning C4244: 'argument': conversion from 'double' to 'int', possible loss of data
C:\cours 10\project03\project03\clsTransfScreen.h(74,25): warning C4244: 'argument': conversion from 'double' to 'float', possible loss of data
C:\cours 10\project03\project03\clsCurrency.h(194,17): warning C4244: 'return': conversion from 'double' to 'float', possible loss of data
C:\cours 10\project03\project03\clsCurrency.h(207,22): warning C4244: 'return': conversion from 'double' to 'float', possible loss of data
C:\cours 10\project03\project03\clsBankClient.h(307): warning C4715: 'clsBankClient::Save': not all control paths return a value
C:\cours 10\project03\project03\clsBankClient.h(369): warning C4715: 'clsBankClient::Withdraw': not all control paths return a value
C:\cours 10\project03\project03\clsUtil.h(249): warning C4715: 'clsUtil::NumberToText': not all control paths return a value
C:\cours 10\project03\project03\clsBankClient.h(381): warning C4715: 'clsBankClient::Transfer': not all control paths return a value
C:\cours 10\project03\project03\clsUser.h(300): warning C4715: 'clsUser::Save': not all control paths return a value
  project03.vcxproj -> C:\cours 10\project03\Debug\project03.exe
